[ 2017-07-24T21:01:59+08:00 ] 127.0.0.1 /index.php/admin/product/showlist
INFO: [ app_init ] --START--
INFO: Run Behavior\BuildLiteBehavior [ RunTime:0.000080s ]
INFO: [ app_init ] --END-- [ RunTime:0.002760s ]
INFO: [ app_begin ] --START--
INFO: Run Behavior\ReadHtmlCacheBehavior [ RunTime:0.002659s ]
INFO: [ app_begin ] --END-- [ RunTime:0.003056s ]
SQL: SHOW COLUMNS FROM `ta_product` [ RunTime:0.0304s ]
SQL: SELECT COUNT(*) AS tp_count FROM ta_product pd left join ta_cate as c on pd.cate_id=c.id  WHERE (  c.cate_status=1  ) LIMIT 1   [ RunTime:0.0117s ]
SQL: SELECT pd.*,c.cate_name FROM ta_product pd left join ta_cate as c on pd.cate_id=c.id  WHERE (  c.cate_status=1  ) ORDER BY pd.id desc LIMIT 0,10   [ RunTime:0.0043s ]
SQL: SHOW COLUMNS FROM `ta_price` [ RunTime:0.0064s ]
SQL: SELECT * FROM `ta_price` WHERE ( product_id=34 )  [ RunTime:0.0011s ]
SQL: SELECT * FROM `ta_price` WHERE ( product_id=33 )  [ RunTime:0.0009s ]
SQL: SELECT * FROM `ta_price` WHERE ( product_id=32 )  [ RunTime:0.0009s ]
SQL: SELECT * FROM `ta_price` WHERE ( product_id=31 )  [ RunTime:0.0009s ]
SQL: SELECT * FROM `ta_price` WHERE ( product_id=30 )  [ RunTime:0.0011s ]
SQL: SELECT * FROM `ta_price` WHERE ( product_id=29 )  [ RunTime:0.0013s ]
SQL: SELECT * FROM `ta_price` WHERE ( product_id=28 )  [ RunTime:0.0010s ]
SQL: SELECT * FROM `ta_price` WHERE ( product_id=27 )  [ RunTime:0.0010s ]
SQL: SELECT * FROM `ta_price` WHERE ( product_id=26 )  [ RunTime:0.0010s ]
SQL: SELECT * FROM `ta_price` WHERE ( product_id=13 )  [ RunTime:0.0009s ]
SQL: SHOW COLUMNS FROM `ta_cate` [ RunTime:0.0015s ]
SQL: SELECT `id`,`pid`,`cate_name` FROM `ta_cate` WHERE ( cate_status=1 )  [ RunTime:0.0008s ]
INFO: [ view_parse ] --START--
INFO: [ template_filter ] --START--
INFO: Run Behavior\ContentReplaceBehavior [ RunTime:0.001435s ]
INFO: [ template_filter ] --END-- [ RunTime:0.001816s ]
NOTIC: [8] Use of undefined constant id - assumed 'id' C:\www\anquan\Application\Runtime\Cache\Admin\32999f003bdbc8ca91ed523eb234115e.php 第 28 行.
NOTIC: [8] Use of undefined constant id - assumed 'id' C:\www\anquan\Application\Runtime\Cache\Admin\32999f003bdbc8ca91ed523eb234115e.php 第 28 行.
NOTIC: [8] Undefined index: order C:\www\anquan\Application\Runtime\Cache\Admin\32999f003bdbc8ca91ed523eb234115e.php 第 35 行.
NOTIC: [8] Undefined index: push C:\www\anquan\Application\Runtime\Cache\Admin\32999f003bdbc8ca91ed523eb234115e.php 第 45 行.
NOTIC: [8] Undefined index: push C:\www\anquan\Application\Runtime\Cache\Admin\32999f003bdbc8ca91ed523eb234115e.php 第 46 行.
NOTIC: [8] Use of undefined constant id - assumed 'id' C:\www\anquan\Application\Runtime\Cache\Admin\32999f003bdbc8ca91ed523eb234115e.php 第 70 行.
NOTIC: [8] Use of undefined constant is_push - assumed 'is_push' C:\www\anquan\Application\Runtime\Cache\Admin\32999f003bdbc8ca91ed523eb234115e.php 第 93 行.
NOTIC: [8] Use of undefined constant is_push - assumed 'is_push' C:\www\anquan\Application\Runtime\Cache\Admin\32999f003bdbc8ca91ed523eb234115e.php 第 93 行.
NOTIC: [8] Use of undefined constant id - assumed 'id' C:\www\anquan\Application\Runtime\Cache\Admin\32999f003bdbc8ca91ed523eb234115e.php 第 94 行.
NOTIC: [8] Use of undefined constant id - assumed 'id' C:\www\anquan\Application\Runtime\Cache\Admin\32999f003bdbc8ca91ed523eb234115e.php 第 95 行.
NOTIC: [8] Use of undefined constant id - assumed 'id' C:\www\anquan\Application\Runtime\Cache\Admin\32999f003bdbc8ca91ed523eb234115e.php 第 70 行.
NOTIC: [8] Use of undefined constant is_push - assumed 'is_push' C:\www\anquan\Application\Runtime\Cache\Admin\32999f003bdbc8ca91ed523eb234115e.php 第 93 行.
NOTIC: [8] Use of undefined constant is_push - assumed 'is_push' C:\www\anquan\Application\Runtime\Cache\Admin\32999f003bdbc8ca91ed523eb234115e.php 第 93 行.
NOTIC: [8] Use of undefined constant id - assumed 'id' C:\www\anquan\Application\Runtime\Cache\Admin\32999f003bdbc8ca91ed523eb234115e.php 第 94 行.
NOTIC: [8] Use of undefined constant id - assumed 'id' C:\www\anquan\Application\Runtime\Cache\Admin\32999f003bdbc8ca91ed523eb234115e.php 第 95 行.
NOTIC: [8] Use of undefined constant id - assumed 'id' C:\www\anquan\Application\Runtime\Cache\Admin\32999f003bdbc8ca91ed523eb234115e.php 第 70 行.
NOTIC: [8] Use of undefined constant is_push - assumed 'is_push' C:\www\anquan\Application\Runtime\Cache\Admin\32999f003bdbc8ca91ed523eb234115e.php 第 93 行.
NOTIC: [8] Use of undefined constant is_push - assumed 'is_push' C:\www\anquan\Application\Runtime\Cache\Admin\32999f003bdbc8ca91ed523eb234115e.php 第 93 行.
NOTIC: [8] Use of undefined constant id - assumed 'id' C:\www\anquan\Application\Runtime\Cache\Admin\32999f003bdbc8ca91ed523eb234115e.php 第 94 行.
NOTIC: [8] Use of undefined constant id - assumed 'id' C:\www\anquan\Application\Runtime\Cache\Admin\32999f003bdbc8ca91ed523eb234115e.php 第 95 行.
NOTIC: [8] Use of undefined constant id - assumed 'id' C:\www\anquan\Application\Runtime\Cache\Admin\32999f003bdbc8ca91ed523eb234115e.php 第 70 行.
NOTIC: [8] Use of undefined constant is_push - assumed 'is_push' C:\www\anquan\Application\Runtime\Cache\Admin\32999f003bdbc8ca91ed523eb234115e.php 第 93 行.
NOTIC: [8] Use of undefined constant is_push - assumed 'is_push' C:\www\anquan\Application\Runtime\Cache\Admin\32999f003bdbc8ca91ed523eb234115e.php 第 93 行.
NOTIC: [8] Use of undefined constant id - assumed 'id' C:\www\anquan\Application\Runtime\Cache\Admin\32999f003bdbc8ca91ed523eb234115e.php 第 94 行.
NOTIC: [8] Use of undefined constant id - assumed 'id' C:\www\anquan\Application\Runtime\Cache\Admin\32999f003bdbc8ca91ed523eb234115e.php 第 95 行.
NOTIC: [8] Use of undefined constant id - assumed 'id' C:\www\anquan\Application\Runtime\Cache\Admin\32999f003bdbc8ca91ed523eb234115e.php 第 70 行.
NOTIC: [8] Use of undefined constant is_push - assumed 'is_push' C:\www\anquan\Application\Runtime\Cache\Admin\32999f003bdbc8ca91ed523eb234115e.php 第 93 行.
NOTIC: [8] Use of undefined constant is_push - assumed 'is_push' C:\www\anquan\Application\Runtime\Cache\Admin\32999f003bdbc8ca91ed523eb234115e.php 第 93 行.
NOTIC: [8] Use of undefined constant id - assumed 'id' C:\www\anquan\Application\Runtime\Cache\Admin\32999f003bdbc8ca91ed523eb234115e.php 第 94 行.
NOTIC: [8] Use of undefined constant id - assumed 'id' C:\www\anquan\Application\Runtime\Cache\Admin\32999f003bdbc8ca91ed523eb234115e.php 第 95 行.
NOTIC: [8] Use of undefined constant id - assumed 'id' C:\www\anquan\Application\Runtime\Cache\Admin\32999f003bdbc8ca91ed523eb234115e.php 第 70 行.
NOTIC: [8] Use of undefined constant is_push - assumed 'is_push' C:\www\anquan\Application\Runtime\Cache\Admin\32999f003bdbc8ca91ed523eb234115e.php 第 93 行.
NOTIC: [8] Use of undefined constant is_push - assumed 'is_push' C:\www\anquan\Application\Runtime\Cache\Admin\32999f003bdbc8ca91ed523eb234115e.php 第 93 行.
NOTIC: [8] Use of undefined constant id - assumed 'id' C:\www\anquan\Application\Runtime\Cache\Admin\32999f003bdbc8ca91ed523eb234115e.php 第 94 行.
NOTIC: [8] Use of undefined constant id - assumed 'id' C:\www\anquan\Application\Runtime\Cache\Admin\32999f003bdbc8ca91ed523eb234115e.php 第 95 行.
NOTIC: [8] Use of undefined constant id - assumed 'id' C:\www\anquan\Application\Runtime\Cache\Admin\32999f003bdbc8ca91ed523eb234115e.php 第 70 行.
NOTIC: [8] Use of undefined constant is_push - assumed 'is_push' C:\www\anquan\Application\Runtime\Cache\Admin\32999f003bdbc8ca91ed523eb234115e.php 第 93 行.
NOTIC: [8] Use of undefined constant is_push - assumed 'is_push' C:\www\anquan\Application\Runtime\Cache\Admin\32999f003bdbc8ca91ed523eb234115e.php 第 93 行.
NOTIC: [8] Use of undefined constant id - assumed 'id' C:\www\anquan\Application\Runtime\Cache\Admin\32999f003bdbc8ca91ed523eb234115e.php 第 94 行.
NOTIC: [8] Use of undefined constant id - assumed 'id' C:\www\anquan\Application\Runtime\Cache\Admin\32999f003bdbc8ca91ed523eb234115e.php 第 95 行.
NOTIC: [8] Use of undefined constant id - assumed 'id' C:\www\anquan\Application\Runtime\Cache\Admin\32999f003bdbc8ca91ed523eb234115e.php 第 70 行.
NOTIC: [8] Use of undefined constant is_push - assumed 'is_push' C:\www\anquan\Application\Runtime\Cache\Admin\32999f003bdbc8ca91ed523eb234115e.php 第 93 行.
NOTIC: [8] Use of undefined constant is_push - assumed 'is_push' C:\www\anquan\Application\Runtime\Cache\Admin\32999f003bdbc8ca91ed523eb234115e.php 第 93 行.
NOTIC: [8] Use of undefined constant id - assumed 'id' C:\www\anquan\Application\Runtime\Cache\Admin\32999f003bdbc8ca91ed523eb234115e.php 第 94 行.
NOTIC: [8] Use of undefined constant id - assumed 'id' C:\www\anquan\Application\Runtime\Cache\Admin\32999f003bdbc8ca91ed523eb234115e.php 第 95 行.
NOTIC: [8] Use of undefined constant id - assumed 'id' C:\www\anquan\Application\Runtime\Cache\Admin\32999f003bdbc8ca91ed523eb234115e.php 第 70 行.
NOTIC: [8] Use of undefined constant is_push - assumed 'is_push' C:\www\anquan\Application\Runtime\Cache\Admin\32999f003bdbc8ca91ed523eb234115e.php 第 93 行.
NOTIC: [8] Use of undefined constant is_push - assumed 'is_push' C:\www\anquan\Application\Runtime\Cache\Admin\32999f003bdbc8ca91ed523eb234115e.php 第 93 行.
NOTIC: [8] Use of undefined constant id - assumed 'id' C:\www\anquan\Application\Runtime\Cache\Admin\32999f003bdbc8ca91ed523eb234115e.php 第 94 行.
NOTIC: [8] Use of undefined constant id - assumed 'id' C:\www\anquan\Application\Runtime\Cache\Admin\32999f003bdbc8ca91ed523eb234115e.php 第 95 行.
NOTIC: [8] Use of undefined constant id - assumed 'id' C:\www\anquan\Application\Runtime\Cache\Admin\32999f003bdbc8ca91ed523eb234115e.php 第 70 行.
NOTIC: [8] Use of undefined constant is_push - assumed 'is_push' C:\www\anquan\Application\Runtime\Cache\Admin\32999f003bdbc8ca91ed523eb234115e.php 第 93 行.
NOTIC: [8] Use of undefined constant is_push - assumed 'is_push' C:\www\anquan\Application\Runtime\Cache\Admin\32999f003bdbc8ca91ed523eb234115e.php 第 93 行.
NOTIC: [8] Use of undefined constant id - assumed 'id' C:\www\anquan\Application\Runtime\Cache\Admin\32999f003bdbc8ca91ed523eb234115e.php 第 94 行.
NOTIC: [8] Use of undefined constant id - assumed 'id' C:\www\anquan\Application\Runtime\Cache\Admin\32999f003bdbc8ca91ed523eb234115e.php 第 95 行.
NOTIC: [8] Use of undefined constant cid - assumed 'cid' C:\www\anquan\Application\Runtime\Cache\Admin\32999f003bdbc8ca91ed523eb234115e.php 第 114 行.
NOTIC: [8] Use of undefined constant cid - assumed 'cid' C:\www\anquan\Application\Runtime\Cache\Admin\32999f003bdbc8ca91ed523eb234115e.php 第 121 行.
NOTIC: [8] Use of undefined constant order - assumed 'order' C:\www\anquan\Application\Runtime\Cache\Admin\32999f003bdbc8ca91ed523eb234115e.php 第 124 行.
INFO: Run Behavior\ParseTemplateBehavior [ RunTime:0.108043s ]
INFO: [ view_parse ] --END-- [ RunTime:0.108446s ]
INFO: [ view_filter ] --START--
INFO: Run Behavior\WriteHtmlCacheBehavior [ RunTime:0.002050s ]
INFO: [ view_filter ] --END-- [ RunTime:0.002416s ]
INFO: [ app_end ] --START--
INFO: Run Behavior\ShowPageTraceBehavior [ RunTime:0.002736s ]
INFO: [ app_end ] --END-- [ RunTime:0.003146s ]

